\BOOKMARK [1][-]{section.1}{\376\377\000V\000\335\000V\000O\000J\000\040\0002\000D\000\040\000A\000K\001\014\000N\000\315\000\040\000R\000O\000G\000U\000E\000L\000I\000K\000E\000\040\000H\000R\000Y}{}% 1
\BOOKMARK [2][-]{subsection.1.1}{\376\377\000Z\000\341\000k\000l\000a\000d\000n\000\355\000\040\000p\000r\000i\000n\000c\000i\000p\000y\000\040\000v\000\375\000v\000o\000j\000e\000\040\0002\000D\000\040\000h\000e\000r\000\040\000v\000\040\000U\000n\000i\000t\000y}{section.1}% 2
\BOOKMARK [2][-]{subsection.1.2}{\376\377\000K\000o\000n\000c\000e\000p\000t\000y\000\040\000r\000o\000g\000u\000e\000l\000i\000k\000e\000\040\000h\000e\000r\000\040\000a\000\040\000b\000o\000s\000s\000\040\000f\000i\000g\000h\000t\001\157}{section.1}% 3
\BOOKMARK [2][-]{subsection.1.3}{\376\377\000M\000e\000t\000o\000d\000i\000k\000a\000\040\000v\000\375\000v\000o\000j\000e\000\040\040\023\000\040\000i\000t\000e\000r\000a\000t\000i\000v\000n\000\355\000\040\000p\001\131\000\355\000s\000t\000u\000p\000\040\000a\000\040\000t\000e\000s\000t\000o\000v\000\341\000n\000\355}{section.1}% 4
\BOOKMARK [1][-]{section.2}{\376\377\000V\000y\000u\001\176\000i\000t\000\351\000\040\000t\000e\000c\000h\000n\000o\000l\000o\000g\000i\000e}{}% 5
\BOOKMARK [2][-]{subsection.2.1}{\376\377\000H\000e\000r\000n\000\355\000\040\000e\000n\000g\000i\000n\000e\000\040\000U\000n\000i\000t\000y\000\040\000a\000\040\000z\000\341\000k\000l\000a\000d\000n\000\355\000\040\000k\000n\000i\000h\000o\000v\000n\000y}{section.2}% 6
\BOOKMARK [2][-]{subsection.2.2}{\376\377\000C\000l\000o\000u\000d\000o\000v\000\341\000\040\000p\000l\000a\000t\000f\000o\000r\000m\000a\000\040\000F\000i\000r\000e\000b\000a\000s\000e\000\040\000F\000i\000r\000e\000s\000t\000o\000r\000e}{section.2}% 7
\BOOKMARK [2][-]{subsection.2.3}{\376\377\000D\000a\000l\001\141\000\355\000\040\000p\000o\000u\001\176\000i\000t\000\351\000\040\000n\000\341\000s\000t\000r\000o\000j\000e\000\040\000a\000\040\000a\000s\000s\000e\000t\000y}{section.2}% 8
\BOOKMARK [1][-]{section.3}{\376\377\000Z\000p\001\157\000s\000o\000b\000y\000\040\001\131\000e\001\141\000e\000n\000\355\000\040\000a\000\040\000p\000o\000u\001\176\000i\000t\000\351\000\040\000p\000o\000s\000t\000u\000p\000y}{}% 9
\BOOKMARK [2][-]{subsection.3.1}{\376\377\000N\000\341\000v\000r\000c\000h\000\040\000h\000e\000r\000n\000\355\000c\000h\000\040\000m\000e\000c\000h\000a\000n\000i\000k\000\040\000a\000\040\000a\000r\000c\000h\000i\000t\000e\000k\000t\000u\000r\000y\000\040\000p\000r\000o\000j\000e\000k\000t\000u}{section.3}% 10
\BOOKMARK [2][-]{subsection.3.2}{\376\377\000I\000m\000p\000l\000e\000m\000e\000n\000t\000a\000c\000e\000\040\000h\000r\000\341\001\015\000s\000k\000\351\000h\000o\000\040\000o\000v\000l\000\341\000d\000\341\000n\000\355\000\040\000a\000\040\000s\000y\000s\000t\000\351\000m\000u\000\040\001\176\000i\000v\000o\000t\001\157}{section.3}% 11
\BOOKMARK [2][-]{subsection.3.3}{\376\377\000V\000y\000t\000v\000o\001\131\000e\000n\000\355\000\040\000n\000e\000p\001\131\000\341\000t\000e\000l\000,\000\040\000A\000I\000\040\000a\000\040\000b\000o\000s\000s\000\040\000f\000i\000g\000h\000t\000u}{section.3}% 12
\BOOKMARK [2][-]{subsection.3.4}{\376\377\000I\000n\000t\000e\000g\000r\000a\000c\000e\000\040\000f\000i\000r\000e\000b\000a\000s\000e\000\040\000-\000\040\000u\000k\000l\000\341\000d\000\341\000n\000\355\000\040\000d\000a\000t\000\040\000a\000\040\000l\000e\000a\000d\000e\000r\000b\000o\000a\000r\000d}{section.3}% 13
\BOOKMARK [2][-]{subsection.3.5}{\376\377\000V\000y\000t\000v\000o\001\131\000e\000n\000\355\000\040\000U\000I\000\040\000p\000r\000v\000k\001\157\000\040\000a\000\040\000a\000n\000i\000m\000a\000c\000\355}{section.3}% 14
\BOOKMARK [1][-]{section.4}{\376\377\000V\000\375\000s\000l\000e\000d\000k\000y\000\040\001\131\000e\001\141\000e\000n\000\355\000,\000\040\000v\000\375\000s\000t\000u\000p\000y\000,\000\040\000u\001\176\000i\000v\000a\000t\000e\000l\000s\000k\000\375\000\040\000m\000a\000n\000u\000\341\000l}{}% 15
\BOOKMARK [2][-]{subsection.4.1}{\376\377\000F\000i\000n\000\341\000l\000n\000\355\000\040\000p\000o\000d\000o\000b\000a\000\040\000h\000r\000y\000\040\000a\000\040\000d\000o\000s\000a\001\176\000e\000n\000\351\000\040\000v\000\375\000s\000l\000e\000d\000k\000y}{section.4}% 16
\BOOKMARK [2][-]{subsection.4.2}{\376\377\000U\001\176\000i\000v\000a\000t\000e\000l\000s\000k\000\375\000\040\000m\000a\000n\000u\000\341\000l\000\040\000-\000\040\000o\000v\000l\000\341\000d\000\341\000n\000\355\000\040\000a\000\040\000p\000o\000s\000t\000u\000p\000\040\000h\000r\000y}{section.4}% 17
\BOOKMARK [2][-]{subsection.4.3}{\376\377\000M\000o\001\176\000n\000o\000s\000t\000i\000\040\000d\000a\000l\001\141\000\355\000\040\000r\000o\000z\001\141\000\355\001\131\000e\000n\000\355\000\040\000h\000r\000y}{section.4}% 18
\BOOKMARK [1][-]{section.5}{\376\377\000Z\000\341\000v\001\033\000r}{}% 19
\BOOKMARK [1][-]{section.6}{\376\377\000S\000e\000z\000n\000a\000m\000\040\000p\000o\000u\001\176\000i\000t\000\375\000c\000h\000\040\000i\000n\000f\000o\000r\000m\000a\001\015\000n\000\355\000c\000h\000\040\000z\000d\000r\000o\000j\001\157}{}% 20
